{"E:\\bahan pa\\CC\\app\\be\\src\\Applications\\Usecase\\RegisterUsecase.ts": {"path":"E:\\bahan pa\\CC\\app\\be\\src\\Applications\\Usecase\\RegisterUsecase.ts","statementMap":{"0":{"start":{"line":15,"column":8},"end":{"line":15,"column":45}},"1":{"start":{"line":16,"column":8},"end":{"line":16,"column":40}},"2":{"start":{"line":19,"column":31},"end":{"line":24,"column":20}},"3":{"start":{"line":26,"column":8},"end":{"line":26,"column":83}},"4":{"start":{"line":27,"column":8},"end":{"line":27,"column":88}},"5":{"start":{"line":28,"column":51},"end":{"line":34,"column":10}},"6":{"start":{"line":36,"column":8},"end":{"line":36,"column":30}}},"fnMap":{"0":{"name":"(anonymous_0)","decl":{"start":{"line":14,"column":4},"end":{"line":14,"column":5}},"loc":{"start":{"line":14,"column":130},"end":{"line":17,"column":5}},"line":14},"1":{"name":"(anonymous_1)","decl":{"start":{"line":18,"column":4},"end":{"line":18,"column":5}},"loc":{"start":{"line":18,"column":47},"end":{"line":37,"column":5}},"line":18}},"branchMap":{},"s":{"0":2,"1":2,"2":1,"3":1,"4":1,"5":1,"6":1},"f":{"0":2,"1":1},"b":{},"_coverageSchema":"1a1c01bbd47fc00a2c39e90264f33305004495a9","hash":"63b6c08fea44ad2bfe30a04b0680fa611966ed4d"}
,"E:\\bahan pa\\CC\\app\\be\\src\\Commons\\Exceptions\\ClientError.ts": {"path":"E:\\bahan pa\\CC\\app\\be\\src\\Commons\\Exceptions\\ClientError.ts","statementMap":{"0":{"start":{"line":5,"column":8},"end":{"line":5,"column":23}},"1":{"start":{"line":6,"column":8},"end":{"line":6,"column":35}},"2":{"start":{"line":7,"column":8},"end":{"line":7,"column":37}}},"fnMap":{"0":{"name":"(anonymous_0)","decl":{"start":{"line":4,"column":4},"end":{"line":4,"column":5}},"loc":{"start":{"line":4,"column":66},"end":{"line":8,"column":5}},"line":4}},"branchMap":{"0":{"loc":{"start":{"line":4,"column":40},"end":{"line":4,"column":64}},"type":"default-arg","locations":[{"start":{"line":4,"column":61},"end":{"line":4,"column":64}}],"line":4}},"s":{"0":0,"1":0,"2":0},"f":{"0":0},"b":{"0":[0]},"_coverageSchema":"1a1c01bbd47fc00a2c39e90264f33305004495a9","hash":"dbf02dc151212df2f48517f4eaa1faae31e726d6"}
,"E:\\bahan pa\\CC\\app\\be\\src\\Commons\\Exceptions\\InvariantError.ts": {"path":"E:\\bahan pa\\CC\\app\\be\\src\\Commons\\Exceptions\\InvariantError.ts","statementMap":{"0":{"start":{"line":6,"column":8},"end":{"line":6,"column":23}},"1":{"start":{"line":7,"column":8},"end":{"line":7,"column":30}}},"fnMap":{"0":{"name":"(anonymous_0)","decl":{"start":{"line":5,"column":4},"end":{"line":5,"column":5}},"loc":{"start":{"line":5,"column":32},"end":{"line":8,"column":5}},"line":5}},"branchMap":{},"s":{"0":0,"1":0},"f":{"0":0},"b":{},"_coverageSchema":"1a1c01bbd47fc00a2c39e90264f33305004495a9","hash":"67e8ec8bbf5205e8dcff3fe84b3f8fc87891c4e0"}
,"E:\\bahan pa\\CC\\app\\be\\src\\Domains\\Entities\\Document\\Document.ts": {"path":"E:\\bahan pa\\CC\\app\\be\\src\\Domains\\Entities\\Document\\Document.ts","statementMap":{"0":{"start":{"line":8,"column":8},"end":{"line":8,"column":24}},"1":{"start":{"line":11,"column":8},"end":{"line":11,"column":27}},"2":{"start":{"line":14,"column":8},"end":{"line":14,"column":26}},"3":{"start":{"line":17,"column":8},"end":{"line":17,"column":25}},"4":{"start":{"line":21,"column":8},"end":{"line":21,"column":22}},"5":{"start":{"line":24,"column":8},"end":{"line":24,"column":28}},"6":{"start":{"line":27,"column":8},"end":{"line":27,"column":25}},"7":{"start":{"line":30,"column":8},"end":{"line":30,"column":24}}},"fnMap":{"0":{"name":"(anonymous_0)","decl":{"start":{"line":5,"column":4},"end":{"line":5,"column":5}},"loc":{"start":{"line":5,"column":110},"end":{"line":5,"column":112}},"line":5},"1":{"name":"(anonymous_1)","decl":{"start":{"line":7,"column":4},"end":{"line":7,"column":5}},"loc":{"start":{"line":7,"column":22},"end":{"line":9,"column":5}},"line":7},"2":{"name":"(anonymous_2)","decl":{"start":{"line":10,"column":4},"end":{"line":10,"column":5}},"loc":{"start":{"line":10,"column":24},"end":{"line":12,"column":5}},"line":10},"3":{"name":"(anonymous_3)","decl":{"start":{"line":13,"column":4},"end":{"line":13,"column":5}},"loc":{"start":{"line":13,"column":27},"end":{"line":15,"column":5}},"line":13},"4":{"name":"(anonymous_4)","decl":{"start":{"line":16,"column":4},"end":{"line":16,"column":5}},"loc":{"start":{"line":16,"column":22},"end":{"line":18,"column":5}},"line":16},"5":{"name":"(anonymous_5)","decl":{"start":{"line":20,"column":4},"end":{"line":20,"column":5}},"loc":{"start":{"line":20,"column":23},"end":{"line":22,"column":5}},"line":20},"6":{"name":"(anonymous_6)","decl":{"start":{"line":23,"column":4},"end":{"line":23,"column":5}},"loc":{"start":{"line":23,"column":29},"end":{"line":25,"column":5}},"line":23},"7":{"name":"(anonymous_7)","decl":{"start":{"line":26,"column":4},"end":{"line":26,"column":5}},"loc":{"start":{"line":26,"column":31},"end":{"line":28,"column":5}},"line":26},"8":{"name":"(anonymous_8)","decl":{"start":{"line":29,"column":4},"end":{"line":29,"column":5}},"loc":{"start":{"line":29,"column":24},"end":{"line":31,"column":5}},"line":29}},"branchMap":{},"s":{"0":3,"1":3,"2":3,"3":3,"4":1,"5":1,"6":1,"7":1},"f":{"0":2,"1":3,"2":3,"3":3,"4":3,"5":1,"6":1,"7":1,"8":1},"b":{},"_coverageSchema":"1a1c01bbd47fc00a2c39e90264f33305004495a9","hash":"b69b3077c0dea051b9bf8797b04d9512150750fe"}
,"E:\\bahan pa\\CC\\app\\be\\src\\Domains\\Entities\\Document\\IDocument.ts": {"path":"E:\\bahan pa\\CC\\app\\be\\src\\Domains\\Entities\\Document\\IDocument.ts","statementMap":{},"fnMap":{},"branchMap":{},"s":{},"f":{},"b":{},"_coverageSchema":"1a1c01bbd47fc00a2c39e90264f33305004495a9","hash":"b0bd223add36289a67e324598d47e1819e1b9f0b"}
,"E:\\bahan pa\\CC\\app\\be\\src\\Domains\\Entities\\User\\User.ts": {"path":"E:\\bahan pa\\CC\\app\\be\\src\\Domains\\Entities\\User\\User.ts","statementMap":{"0":{"start":{"line":11,"column":8},"end":{"line":11,"column":37}},"1":{"start":{"line":12,"column":8},"end":{"line":12,"column":47}},"2":{"start":{"line":13,"column":8},"end":{"line":13,"column":47}},"3":{"start":{"line":14,"column":8},"end":{"line":14,"column":39}},"4":{"start":{"line":15,"column":8},"end":{"line":15,"column":43}},"5":{"start":{"line":19,"column":8},"end":{"line":19,"column":25}},"6":{"start":{"line":22,"column":8},"end":{"line":22,"column":29}},"7":{"start":{"line":25,"column":8},"end":{"line":25,"column":29}},"8":{"start":{"line":28,"column":8},"end":{"line":28,"column":28}},"9":{"start":{"line":31,"column":8},"end":{"line":31,"column":26}},"10":{"start":{"line":35,"column":8},"end":{"line":35,"column":24}},"11":{"start":{"line":38,"column":8},"end":{"line":38,"column":34}},"12":{"start":{"line":41,"column":8},"end":{"line":41,"column":34}},"13":{"start":{"line":44,"column":8},"end":{"line":44,"column":26}},"14":{"start":{"line":47,"column":8},"end":{"line":47,"column":30}},"15":{"start":{"line":53,"column":19},"end":{"line":53,"column":21}},"16":{"start":{"line":54,"column":23},"end":{"line":54,"column":25}},"17":{"start":{"line":55,"column":21},"end":{"line":55,"column":23}},"18":{"start":{"line":56,"column":23},"end":{"line":56,"column":25}},"19":{"start":{"line":60,"column":8},"end":{"line":60,"column":29}},"20":{"start":{"line":63,"column":8},"end":{"line":63,"column":24}},"21":{"start":{"line":66,"column":8},"end":{"line":66,"column":25}},"22":{"start":{"line":70,"column":8},"end":{"line":70,"column":29}},"23":{"start":{"line":74,"column":8},"end":{"line":74,"column":26}},"24":{"start":{"line":78,"column":8},"end":{"line":78,"column":25}},"25":{"start":{"line":79,"column":8},"end":{"line":79,"column":20}},"26":{"start":{"line":83,"column":8},"end":{"line":83,"column":33}},"27":{"start":{"line":84,"column":8},"end":{"line":84,"column":20}},"28":{"start":{"line":88,"column":8},"end":{"line":88,"column":29}},"29":{"start":{"line":89,"column":8},"end":{"line":89,"column":20}},"30":{"start":{"line":93,"column":8},"end":{"line":93,"column":33}},"31":{"start":{"line":94,"column":8},"end":{"line":94,"column":20}},"32":{"start":{"line":97,"column":8},"end":{"line":97,"column":23}},"33":{"start":{"line":98,"column":8},"end":{"line":98,"column":20}},"34":{"start":{"line":102,"column":8},"end":{"line":102,"column":30}}},"fnMap":{"0":{"name":"(anonymous_0)","decl":{"start":{"line":10,"column":4},"end":{"line":10,"column":5}},"loc":{"start":{"line":10,"column":38},"end":{"line":16,"column":5}},"line":10},"1":{"name":"(anonymous_1)","decl":{"start":{"line":18,"column":4},"end":{"line":18,"column":5}},"loc":{"start":{"line":18,"column":14},"end":{"line":20,"column":5}},"line":18},"2":{"name":"(anonymous_2)","decl":{"start":{"line":21,"column":4},"end":{"line":21,"column":5}},"loc":{"start":{"line":21,"column":19},"end":{"line":23,"column":5}},"line":21},"3":{"name":"(anonymous_3)","decl":{"start":{"line":24,"column":4},"end":{"line":24,"column":5}},"loc":{"start":{"line":24,"column":20},"end":{"line":26,"column":5}},"line":24},"4":{"name":"(anonymous_4)","decl":{"start":{"line":27,"column":4},"end":{"line":27,"column":5}},"loc":{"start":{"line":27,"column":17},"end":{"line":29,"column":5}},"line":27},"5":{"name":"(anonymous_5)","decl":{"start":{"line":30,"column":4},"end":{"line":30,"column":5}},"loc":{"start":{"line":30,"column":15},"end":{"line":32,"column":5}},"line":30},"6":{"name":"(anonymous_6)","decl":{"start":{"line":34,"column":4},"end":{"line":34,"column":5}},"loc":{"start":{"line":34,"column":25},"end":{"line":36,"column":5}},"line":34},"7":{"name":"(anonymous_7)","decl":{"start":{"line":37,"column":4},"end":{"line":37,"column":5}},"loc":{"start":{"line":37,"column":35},"end":{"line":39,"column":5}},"line":37},"8":{"name":"(anonymous_8)","decl":{"start":{"line":40,"column":4},"end":{"line":40,"column":5}},"loc":{"start":{"line":40,"column":35},"end":{"line":42,"column":5}},"line":40},"9":{"name":"(anonymous_9)","decl":{"start":{"line":43,"column":4},"end":{"line":43,"column":5}},"loc":{"start":{"line":43,"column":27},"end":{"line":45,"column":5}},"line":43},"10":{"name":"(anonymous_10)","decl":{"start":{"line":46,"column":4},"end":{"line":46,"column":5}},"loc":{"start":{"line":46,"column":31},"end":{"line":48,"column":5}},"line":46},"11":{"name":"(anonymous_11)","decl":{"start":{"line":57,"column":4},"end":{"line":57,"column":5}},"loc":{"start":{"line":57,"column":36},"end":{"line":57,"column":38}},"line":57},"12":{"name":"(anonymous_12)","decl":{"start":{"line":59,"column":4},"end":{"line":59,"column":5}},"loc":{"start":{"line":59,"column":26},"end":{"line":61,"column":5}},"line":59},"13":{"name":"(anonymous_13)","decl":{"start":{"line":62,"column":4},"end":{"line":62,"column":5}},"loc":{"start":{"line":62,"column":21},"end":{"line":64,"column":5}},"line":62},"14":{"name":"(anonymous_14)","decl":{"start":{"line":65,"column":4},"end":{"line":65,"column":5}},"loc":{"start":{"line":65,"column":22},"end":{"line":67,"column":5}},"line":65},"15":{"name":"(anonymous_15)","decl":{"start":{"line":69,"column":4},"end":{"line":69,"column":5}},"loc":{"start":{"line":69,"column":26},"end":{"line":71,"column":5}},"line":69},"16":{"name":"(anonymous_16)","decl":{"start":{"line":73,"column":4},"end":{"line":73,"column":5}},"loc":{"start":{"line":73,"column":24},"end":{"line":75,"column":5}},"line":73},"17":{"name":"(anonymous_17)","decl":{"start":{"line":77,"column":4},"end":{"line":77,"column":5}},"loc":{"start":{"line":77,"column":32},"end":{"line":80,"column":5}},"line":77},"18":{"name":"(anonymous_18)","decl":{"start":{"line":82,"column":4},"end":{"line":82,"column":5}},"loc":{"start":{"line":82,"column":40},"end":{"line":85,"column":5}},"line":82},"19":{"name":"(anonymous_19)","decl":{"start":{"line":87,"column":4},"end":{"line":87,"column":5}},"loc":{"start":{"line":87,"column":36},"end":{"line":90,"column":5}},"line":87},"20":{"name":"(anonymous_20)","decl":{"start":{"line":92,"column":4},"end":{"line":92,"column":5}},"loc":{"start":{"line":92,"column":40},"end":{"line":95,"column":5}},"line":92},"21":{"name":"(anonymous_21)","decl":{"start":{"line":96,"column":4},"end":{"line":96,"column":5}},"loc":{"start":{"line":96,"column":30},"end":{"line":99,"column":5}},"line":96},"22":{"name":"(anonymous_22)","decl":{"start":{"line":101,"column":4},"end":{"line":101,"column":5}},"loc":{"start":{"line":101,"column":12},"end":{"line":103,"column":5}},"line":101}},"branchMap":{},"s":{"0":2,"1":2,"2":2,"3":2,"4":2,"5":3,"6":4,"7":4,"8":3,"9":3,"10":1,"11":1,"12":2,"13":1,"14":1,"15":2,"16":2,"17":2,"18":2,"19":2,"20":2,"21":2,"22":2,"23":2,"24":2,"25":2,"26":2,"27":2,"28":2,"29":2,"30":2,"31":2,"32":1,"33":1,"34":2},"f":{"0":2,"1":3,"2":4,"3":4,"4":3,"5":3,"6":1,"7":1,"8":2,"9":1,"10":1,"11":2,"12":2,"13":2,"14":2,"15":2,"16":2,"17":2,"18":2,"19":2,"20":2,"21":1,"22":2},"b":{},"_coverageSchema":"1a1c01bbd47fc00a2c39e90264f33305004495a9","hash":"903da61edd85817654c2632ee7cb4cff9b195936"}
,"E:\\bahan pa\\CC\\app\\be\\src\\Infrastructures\\Repositories\\UserRepositoryConcrete.ts": {"path":"E:\\bahan pa\\CC\\app\\be\\src\\Infrastructures\\Repositories\\UserRepositoryConcrete.ts","statementMap":{"0":{"start":{"line":11,"column":8},"end":{"line":11,"column":16}},"1":{"start":{"line":12,"column":8},"end":{"line":12,"column":29}},"2":{"start":{"line":13,"column":8},"end":{"line":13,"column":41}},"3":{"start":{"line":17,"column":24},"end":{"line":42,"column":10}},"4":{"start":{"line":43,"column":8},"end":{"line":43,"column":23}},"5":{"start":{"line":47,"column":21},"end":{"line":51,"column":10}},"6":{"start":{"line":53,"column":8},"end":{"line":55,"column":9}},"7":{"start":{"line":54,"column":12},"end":{"line":54,"column":76}}},"fnMap":{"0":{"name":"(anonymous_0)","decl":{"start":{"line":10,"column":4},"end":{"line":10,"column":5}},"loc":{"start":{"line":10,"column":100},"end":{"line":14,"column":5}},"line":10},"1":{"name":"(anonymous_1)","decl":{"start":{"line":16,"column":4},"end":{"line":16,"column":5}},"loc":{"start":{"line":16,"column":160},"end":{"line":44,"column":5}},"line":16},"2":{"name":"(anonymous_2)","decl":{"start":{"line":46,"column":4},"end":{"line":46,"column":5}},"loc":{"start":{"line":46,"column":67},"end":{"line":56,"column":5}},"line":46}},"branchMap":{"0":{"loc":{"start":{"line":53,"column":8},"end":{"line":55,"column":9}},"type":"if","locations":[{"start":{"line":53,"column":8},"end":{"line":55,"column":9}},{"start":{},"end":{}}],"line":53}},"s":{"0":1,"1":1,"2":1,"3":0,"4":0,"5":0,"6":0,"7":0},"f":{"0":1,"1":0,"2":0},"b":{"0":[0,0]},"_coverageSchema":"1a1c01bbd47fc00a2c39e90264f33305004495a9","hash":"452dc46c42d7c40b0fea05579c31e877f480fad4"}
,"E:\\bahan pa\\CC\\app\\be\\src\\Infrastructures\\Security\\PasswordHashConcrete.ts": {"path":"E:\\bahan pa\\CC\\app\\be\\src\\Infrastructures\\Security\\PasswordHashConcrete.ts","statementMap":{"0":{"start":{"line":7,"column":8},"end":{"line":7,"column":16}},"1":{"start":{"line":8,"column":8},"end":{"line":8,"column":29}},"2":{"start":{"line":12,"column":8},"end":{"line":12,"column":52}}},"fnMap":{"0":{"name":"(anonymous_0)","decl":{"start":{"line":6,"column":4},"end":{"line":6,"column":5}},"loc":{"start":{"line":6,"column":41},"end":{"line":9,"column":5}},"line":6},"1":{"name":"(anonymous_1)","decl":{"start":{"line":11,"column":4},"end":{"line":11,"column":5}},"loc":{"start":{"line":11,"column":50},"end":{"line":13,"column":5}},"line":11}},"branchMap":{},"s":{"0":1,"1":1,"2":0},"f":{"0":1,"1":0},"b":{},"_coverageSchema":"1a1c01bbd47fc00a2c39e90264f33305004495a9","hash":"04e592697fc5d1112888bfc1f6b52af9dc98cb7f"}
,"E:\\bahan pa\\CC\\app\\be\\src\\Infrastructures\\prisma\\prismaClient.ts": {"path":"E:\\bahan pa\\CC\\app\\be\\src\\Infrastructures\\prisma\\prismaClient.ts","statementMap":{"0":{"start":{"line":3,"column":21},"end":{"line":6,"column":2}}},"fnMap":{},"branchMap":{},"s":{"0":1},"f":{},"b":{},"_coverageSchema":"1a1c01bbd47fc00a2c39e90264f33305004495a9","hash":"a21e048ec529dd9cffd80a2b4dac7a30c82f7365"}
,"E:\\bahan pa\\CC\\app\\be\\src\\Interfaces\\app.ts": {"path":"E:\\bahan pa\\CC\\app\\be\\src\\Interfaces\\app.ts","statementMap":{"0":{"start":{"line":3,"column":12},"end":{"line":3,"column":21}},"1":{"start":{"line":4,"column":0},"end":{"line":4,"column":24}},"2":{"start":{"line":5,"column":0},"end":{"line":5,"column":47}}},"fnMap":{},"branchMap":{},"s":{"0":1,"1":1,"2":1},"f":{},"b":{},"_coverageSchema":"1a1c01bbd47fc00a2c39e90264f33305004495a9","hash":"b1e239546a87db439eb998e1dca21ca9243720e9"}
,"E:\\bahan pa\\CC\\app\\be\\src\\Interfaces\\Controllers\\auth.controller.ts": {"path":"E:\\bahan pa\\CC\\app\\be\\src\\Interfaces\\Controllers\\auth.controller.ts","statementMap":{"0":{"start":{"line":12,"column":29},"end":{"line":12,"column":71}},"1":{"start":{"line":13,"column":31},"end":{"line":16,"column":2}},"2":{"start":{"line":19,"column":24},"end":{"line":19,"column":121}},"3":{"start":{"line":24,"column":8},"end":{"line":49,"column":9}},"4":{"start":{"line":25,"column":12},"end":{"line":25,"column":46}},"5":{"start":{"line":26,"column":60},"end":{"line":26,"column":68}},"6":{"start":{"line":27,"column":12},"end":{"line":27,"column":34}},"7":{"start":{"line":28,"column":35},"end":{"line":28,"column":105}},"8":{"start":{"line":29,"column":12},"end":{"line":35,"column":14}},"9":{"start":{"line":37,"column":12},"end":{"line":48,"column":13}},"10":{"start":{"line":38,"column":16},"end":{"line":41,"column":19}},"11":{"start":{"line":43,"column":16},"end":{"line":47,"column":18}}},"fnMap":{"0":{"name":"(anonymous_0)","decl":{"start":{"line":23,"column":4},"end":{"line":23,"column":5}},"loc":{"start":{"line":23,"column":75},"end":{"line":50,"column":5}},"line":23}},"branchMap":{"0":{"loc":{"start":{"line":37,"column":12},"end":{"line":48,"column":13}},"type":"if","locations":[{"start":{"line":37,"column":12},"end":{"line":48,"column":13}},{"start":{"line":42,"column":18},"end":{"line":48,"column":13}}],"line":37}},"s":{"0":1,"1":1,"2":1,"3":0,"4":0,"5":0,"6":0,"7":0,"8":0,"9":0,"10":0,"11":0},"f":{"0":0},"b":{"0":[0,0]},"_coverageSchema":"1a1c01bbd47fc00a2c39e90264f33305004495a9","hash":"9d573602d1edf311ba53d52be3a25979f291777e"}
,"E:\\bahan pa\\CC\\app\\be\\src\\Interfaces\\Routes\\auth.route.ts": {"path":"E:\\bahan pa\\CC\\app\\be\\src\\Interfaces\\Routes\\auth.route.ts","statementMap":{"0":{"start":{"line":4,"column":15},"end":{"line":4,"column":31}},"1":{"start":{"line":6,"column":0},"end":{"line":6,"column":54}}},"fnMap":{},"branchMap":{},"s":{"0":1,"1":1},"f":{},"b":{},"_coverageSchema":"1a1c01bbd47fc00a2c39e90264f33305004495a9","hash":"f357e33a049ba511099954675e558fa481272ca8"}
,"E:\\bahan pa\\CC\\app\\be\\src\\Interfaces\\Schema\\RegisterUserSchema.ts": {"path":"E:\\bahan pa\\CC\\app\\be\\src\\Interfaces\\Schema\\RegisterUserSchema.ts","statementMap":{"0":{"start":{"line":11,"column":23},"end":{"line":17,"column":2}},"1":{"start":{"line":19,"column":32},"end":{"line":24,"column":1}},"2":{"start":{"line":20,"column":19},"end":{"line":20,"column":51}},"3":{"start":{"line":21,"column":4},"end":{"line":23,"column":5}},"4":{"start":{"line":22,"column":8},"end":{"line":22,"column":82}}},"fnMap":{"0":{"name":"(anonymous_0)","decl":{"start":{"line":19,"column":32},"end":{"line":19,"column":33}},"loc":{"start":{"line":19,"column":63},"end":{"line":24,"column":1}},"line":19}},"branchMap":{"0":{"loc":{"start":{"line":21,"column":4},"end":{"line":23,"column":5}},"type":"if","locations":[{"start":{"line":21,"column":4},"end":{"line":23,"column":5}},{"start":{},"end":{}}],"line":21}},"s":{"0":1,"1":1,"2":0,"3":0,"4":0},"f":{"0":0},"b":{"0":[0,0]},"_coverageSchema":"1a1c01bbd47fc00a2c39e90264f33305004495a9","hash":"90f807eb2ab2fda64ec7608aaa18faee5e0237d8"}
}
